<?xml version="1.0" encoding="UTF-8"?>
<!-- Generated by org.testng.reporters.JUnitReportReporter -->
<testsuite skipped="0" hostname="ELF-34-SHIVARAJNAGAROOR" name="practiceSession.WorkingOnMultipleRead" tests="1" failures="0" timestamp="14 Jun 2022 09:39:01 GMT" time="2.311" errors="0">
  <testcase name="Data" time="2.311" classname="practiceSession.WorkingOnMultipleRead"/>
</testsuite> <!-- practiceSession.WorkingOnMultipleRead -->
