<?xml version="1.0" encoding="UTF-8"?>
<!-- Generated by org.testng.reporters.JUnitReportReporter -->
<testsuite skipped="0" hostname="ELF-34-SHIVARAJNAGAROOR" name="practiceSession.OpenBrowserDropDownWithOutSelectClassTest" tests="1" failures="0" timestamp="12 Jun 2022 07:32:41 GMT" time="55.092" errors="0">
  <testcase name="TC" time="55.092" classname="practiceSession.OpenBrowserDropDownWithOutSelectClassTest"/>
</testsuite> <!-- practiceSession.OpenBrowserDropDownWithOutSelectClassTest -->
