<?xml version="1.0" encoding="UTF-8"?>
<!-- Generated by org.testng.reporters.JUnitReportReporter -->
<testsuite skipped="0" hostname="ELF-34-SHIVARAJNAGAROOR" name="practiceSession.LoginTC" tests="1" failures="0" timestamp="13 Jun 2022 17:06:00 GMT" time="6.849" errors="0">
  <testcase name="TC_01" time="6.849" classname="practiceSession.LoginTC"/>
</testsuite> <!-- practiceSession.LoginTC -->
