<?xml version="1.0" encoding="UTF-8"?>
<!-- Generated by org.testng.reporters.JUnitReportReporter -->
<testsuite skipped="0" hostname="ELF-34-SHIVARAJNAGAROOR" name="practiceSession.OpenBrowserTest" tests="1" failures="0" timestamp="12 Jun 2022 06:11:55 GMT" time="22.454" errors="0">
  <testcase name="TC" time="22.454" classname="practiceSession.OpenBrowserTest"/>
</testsuite> <!-- practiceSession.OpenBrowserTest -->
