<?xml version="1.0" encoding="UTF-8"?>
<!-- Generated by org.testng.reporters.JUnitReportReporter -->
<testsuite skipped="0" hostname="ELF-34-SHIVARAJNAGAROOR" name="practiceSession.HomePageTC" tests="1" failures="0" timestamp="14 Jun 2022 07:22:30 GMT" time="19.797" errors="0">
  <testcase name="TC_02" time="19.797" classname="practiceSession.HomePageTC"/>
</testsuite> <!-- practiceSession.HomePageTC -->
